<?xml version="1.0" encoding="UTF-8"?>
<!-- Generated by org.testng.reporters.JUnitXMLReporter -->
<testsuite ignored="3" hostname="MD-DESK" failures="0" tests="5" name="Test" time="0.09" errors="0" timestamp="2023-05-02T12:36:38 EDT">
  <testcase classname="include_exclude_TestCases.Launch" name="LaunchUrl" time="0.009"/>
  <testcase classname="include_exclude_TestCases.Launch" name="validateLaunchUrl" time="0.003"/>
  <testcase classname="include_exclude_TestCases.Login" name="LoginApplication" time="0.002"/>
  <testcase classname="include_exclude_TestCases.Home" name="HomePageApplication" time="0.005"/>
  <testcase classname="include_exclude_TestCases.Logout" name="LogOut" time="0.002"/>
  <testcase classname="include_exclude_TestCases.Login" name="validateLogin" time="0.0">
    <ignored/>
  </testcase> <!-- validateLogin -->
  <testcase classname="include_exclude_TestCases.Logout" name="validateLogoutPage" time="0.0">
    <ignored/>
  </testcase> <!-- validateLogoutPage -->
  <testcase classname="include_exclude_TestCases.Home" name="validateHomePage" time="0.0">
    <ignored/>
  </testcase> <!-- validateHomePage -->
</testsuite> <!-- Test -->
